> Task :compileJava FAILED

FAILURE: Build failed with an exception.

* What went wrong:
Execution failed for task ':compileJava'.
> Could not resolve all files for configuration ':compileClasspath'.
   > Could not find com.github.retrooper.packetevents:api:2.4.0.
     Searched in the following locations:
       - https://repo.maven.apache.org/maven2/com/github/retrooper/packetevents/api/2.4.0/api-2.4.0.pom
       - https://repo.papermc.io/repository/maven-public/com/github/retrooper/packetevents/api/2.4.0/api-2.4.0.pom
       - https://repo.codemc.io/repository/maven-releases/com/github/retrooper/packetevents/api/2.4.0/api-2.4.0.pom
       - https://repo.codemc.io/repository/maven-snapshots/com/github/retrooper/packetevents/api/2.4.0/api-2.4.0.pom
       - https://jitpack.io/com/github/retrooper/packetevents/api/2.4.0/api-2.4.0.pom
     Required by:
         project :

* Try:
> Run with --stacktrace option to get the stack trace.
> Run with --info or --debug option to get more log output.
> Run with --scan to get full insights.
> Get more help at https://help.gradle.org.

BUILD FAILED in 4s
1 actionable task: 1 executed
